mode: atomic
base/BehavioralPatterns/Visitor/files/dot.go:11.30,14.2 2 1
base/BehavioralPatterns/Visitor/files/dot.go:16.22,18.2 1 0
base/BehavioralPatterns/Visitor/files/dot.go:20.34,22.2 1 1
base/BehavioralPatterns/Visitor/files/dot.go:24.20,26.2 1 1
base/BehavioralPatterns/Visitor/files/dot_mocks.go:7.28,12.2 1 1
base/BehavioralPatterns/Visitor/files/rectangle_mocks.go:7.40,12.2 1 1
base/BehavioralPatterns/Visitor/files/circle_mocks.go:7.38,9.2 0 0
base/BehavioralPatterns/Visitor/files/circle_mocks.go:11.30,13.2 0 0
base/BehavioralPatterns/Visitor/files/circle_mocks.go:15.42,17.2 0 0
base/BehavioralPatterns/Visitor/files/circle_mocks.go:19.34,24.2 1 1
base/BehavioralPatterns/Visitor/files/exportXMLVisitor.go:7.57,9.2 1 0
base/BehavioralPatterns/Visitor/files/exportXMLVisitor.go:11.63,13.2 1 0
base/BehavioralPatterns/Visitor/files/exportXMLVisitor.go:15.51,17.2 1 0
base/BehavioralPatterns/Visitor/files/exportXMLVisitor.go:19.46,21.2 1 0
base/BehavioralPatterns/Visitor/files/rectangle.go:11.36,14.2 2 1
base/BehavioralPatterns/Visitor/files/rectangle.go:16.28,18.2 1 0
base/BehavioralPatterns/Visitor/files/rectangle.go:20.40,22.2 1 1
base/BehavioralPatterns/Visitor/files/rectangle.go:24.32,26.2 1 1
base/BehavioralPatterns/Visitor/files/visitor_mocks.go:9.58,11.2 1 1
base/BehavioralPatterns/Visitor/files/visitor_mocks.go:13.64,15.2 1 1
base/BehavioralPatterns/Visitor/files/visitor_mocks.go:17.52,19.2 1 1
base/BehavioralPatterns/Visitor/files/visitor_mocks.go:21.54,23.2 1 3
base/BehavioralPatterns/Visitor/files/circle.go:11.33,14.2 2 1
base/BehavioralPatterns/Visitor/files/circle.go:16.25,18.2 1 0
base/BehavioralPatterns/Visitor/files/circle.go:20.37,22.2 1 1
base/BehavioralPatterns/Visitor/files/circle.go:24.26,26.2 1 1
